Arguments: 
  /home/nebiyu/.nvm/versions/node/v16.20.0/bin/node /home/nebiyu/.nvm/versions/node/v16.20.0/bin/yarn

PATH: 
  /home/nebiyu/.nvm/versions/node/v16.20.0/bin:/home/nebiyu/.cargo/bin:/home/nebiyu/.local/bin:/usr/local/sbin:/usr/local/bin:/usr/sbin:/usr/bin:/sbin:/bin:/usr/games:/usr/local/games:/snap/bin:/snap/bin:/home/nebiyu/Android/Sdk/emulator:/home/nebiyu/Android/Sdk/tools:/home/nebiyu/Android/Sdk/tools/bin:/home/nebiyu/Android/Sdk/platform-tools:/home/nebiyu/Android/Sdk/emulator:/home/nebiyu/Android/Sdk/tools:/home/nebiyu/Android/Sdk/tools/bin:/home/nebiyu/Android/Sdk/platform-tools:/home/nebiyu/Android/Sdk/emulator:/home/nebiyu/Android/Sdk/tools:/home/nebiyu/Android/Sdk/tools/bin:/home/nebiyu/Android/Sdk/platform-tools:/home/nebiyu/Android/Sdk/emulator:/home/nebiyu/Android/Sdk/tools:/home/nebiyu/Android/Sdk/tools/bin:/home/nebiyu/Android/Sdk/platform-tools:/home/nebiyu/Android/Sdk/emulator:/home/nebiyu/Android/Sdk/tools:/home/nebiyu/Android/Sdk/tools/bin:/home/nebiyu/Android/Sdk/platform-tools:/home/nebiyu/Android/Sdk/emulator:/home/nebiyu/Android/Sdk/tools:/home/nebiyu/Android/Sdk/tools/bin:/home/nebiyu/Android/Sdk/platform-tools

Yarn version: 
  1.22.19

Node version: 
  16.20.0

Platform: 
  linux x64

Trace: 
  Error: getaddrinfo EAI_AGAIN registry.yarnpkg.com
      at GetAddrInfoReqWrap.onlookup [as oncomplete] (node:dns:109:26)

npm manifest: 
  {
    "name": "seattel-limo",
    "version": "0.1.0",
    "private": true,
    "dependencies": {
      "@testing-library/jest-dom": "^5.16.5",
      "@testing-library/react": "^13.4.0",
      "@testing-library/user-event": "^13.5.0",
      "@types/jest": "^27.5.2",
      "@types/node": "^16.18.38",
      "@types/react": "^18.2.14",
      "@types/react-dom": "^18.2.6",
      "axios": "^1.4.0",
      "react": "^18.2.0",
      "react-dom": "^18.2.0",
      "react-router-dom": "^6.14.1",
      "react-scripts": "5.0.1",
      "react-toastify": "^9.1.3",
      "typescript": "^4.9.5",
      "web-vitals": "^2.1.4"
    },
    "scripts": {
      "start": "react-scripts start",
      "build": "react-scripts build",
      "test": "react-scripts test",
      "eject": "react-scripts eject"
    },
    "eslintConfig": {
      "extends": [
        "react-app",
        "react-app/jest"
      ]
    },
    "browserslist": {
      "production": [
        ">0.2%",
        "not dead",
        "not op_mini all"
      ],
      "development": [
        "last 1 chrome version",
        "last 1 firefox version",
        "last 1 safari version"
      ]
    }
  }

yarn manifest: 
  No manifest

Lockfile: 
  No lockfile
